11:04:02,11:12:02 /sp/103/QuanMinHuDong.ashx 
	->({0}ms(0))Begin
	->(1ms(+1))IN-LoadAPI
	->(151ms(+150))Keyword not supported.
参数名: pwd2
	->(151ms(+0))Done
11:04:38,11:12:37 /sp/103/QuanMinHuDong.ashx 
	->({0}ms(0))Begin
	->(0ms(+0))IN-LoadAPI
	->(245ms(+245))OUT-LoadAPI
	->(246ms(+1))1 in locked
	->(248ms(+2))IN-StartPorcess
	->(353ms(+105))IN-ItemNotExisted
	->(357ms(+4))ValueCollected
	->(472ms(+115))TroneIdMatched
	->(524ms(+52))OUT-CoreProcessed
	->(989ms(+465))+20.07ms	select * from `tbl_trone_order`  where  `trone_id` = 320 and `disable` = 0
+7.67ms	select * from `tbl_cp_push_url`  where  `id` = 98
+1.20ms	select * from `tbl_trone`  where  `id` = 320
+4.30ms	select `id` from `tbl_mobile_white_list`   where  `mobile` = '02DB519469B14F63'  
+31.66ms	update `daily_log`.`tbl_mr_201512` set `syn_flag`=?syn_flag,`trone_order_id`=?trone_order_id,`cp_id`=?cp_id where `id`=?id
+32.23ms	insert into `daily_log`.`tbl_cp_mr_201512`(`imei`,`imsi`,`mobile`,`mcc`,`province_id`,`city_id`,`trone_order_id`,`ori_trone`,`ori_order`,`linkid`,`cp_param`,`service_code`,`price`,`ip`,`mr_table`,`mr_id`,`mr_date`,`trone_type`,`ivr_time`,`syn_status`) values(?imei,?imsi,?mobile,?mcc,?province_id,?city_id,?trone_order_id,?ori_trone,?ori_order,?linkid,?cp_param,?service_code,?price,?ip,?mr_table,?mr_id,?mr_date,?trone_type,?ivr_time,?syn_status)
+27.59ms	update `tbl_trone_order` set `amount`=?amount where `id`=?id
+34.31ms	update `tbl_cp_push_url` set `lastDate`=?lastDate,`amount`=?amount,`hold_CycCount`=?hold_CycCount where `id`=?id
总计：159.0254ms
	->(989ms(+0))OUT-ALL done
	->(990ms(+1))Done
11:06:24,11:12:24 /sp/103/QuanMinHuDong.ashx 
	->({0}ms(0))Begin
	->(1ms(+1))IN-LoadAPI
	->(136ms(+135))OUT-LoadAPI
	->(138ms(+2))1 in locked
	->(140ms(+2))IN-StartPorcess
	->(198ms(+58))Done
11:06:31,11:12:30 /sp/103/QuanMinHuDong.ashx 
	->({0}ms(0))Begin
	->(0ms(+0))IN-LoadAPI
	->(91ms(+91))OUT-LoadAPI
	->(91ms(+0))1 in locked
	->(91ms(+0))IN-StartPorcess
	->(231ms(+140))IN-ItemNotExisted
	->(235ms(+4))ValueCollected
	->(365ms(+130))TroneIdMatched
	->(416ms(+51))OUT-CoreProcessed
	->(798ms(+382))+3.73ms	select * from `tbl_trone_order`  where  `trone_id` = 320 and `disable` = 0
+1.10ms	select * from `tbl_cp_push_url`  where  `id` = 98
+1.68ms	select * from `tbl_trone`  where  `id` = 320
+1.03ms	select `id` from `tbl_mobile_white_list`   where  `mobile` = '02DB519469B14F63'  
+53.01ms	update `daily_log`.`tbl_mr_201512` set `syn_flag`=?syn_flag,`trone_order_id`=?trone_order_id,`cp_id`=?cp_id where `id`=?id
+33.23ms	insert into `daily_log`.`tbl_cp_mr_201512`(`imei`,`imsi`,`mobile`,`mcc`,`province_id`,`city_id`,`trone_order_id`,`ori_trone`,`ori_order`,`linkid`,`cp_param`,`service_code`,`price`,`ip`,`mr_table`,`mr_id`,`mr_date`,`trone_type`,`ivr_time`,`syn_status`) values(?imei,?imsi,?mobile,?mcc,?province_id,?city_id,?trone_order_id,?ori_trone,?ori_order,?linkid,?cp_param,?service_code,?price,?ip,?mr_table,?mr_id,?mr_date,?trone_type,?ivr_time,?syn_status)
+27.64ms	update `tbl_trone_order` set `amount`=?amount where `id`=?id
+34.37ms	update `tbl_cp_push_url` set `hold_CycCount`=?hold_CycCount,`amount`=?amount where `id`=?id
总计：155.7925ms
	->(798ms(+0))OUT-ALL done
	->(798ms(+0))Done
11:07:22,11:12:21 /sp/103/QuanMinHuDong.ashx 
	->({0}ms(0))Begin
	->(0ms(+0))IN-LoadAPI
	->(310ms(+310))OUT-LoadAPI
	->(311ms(+1))1 in locked
	->(313ms(+2))IN-StartPorcess
	->(408ms(+95))Done
11:07:47,11:12:27 /sp/103/QuanMinHuDong.ashx 
	->({0}ms(0))Begin
	->(0ms(+0))IN-LoadAPI
	->(188ms(+188))OUT-LoadAPI
	->(188ms(+0))1 in locked
	->(188ms(+0))IN-StartPorcess
	->(555ms(+367))IN-ItemNotExisted
	->(560ms(+5))ValueCollected
	->(19863ms(+19303))TroneIdMatched
	->(19927ms(+64))OUT-CoreProcessed
	->(20369ms(+442))+3.69ms	select * from `tbl_trone_order`  where  `trone_id` = 320 and `disable` = 0
+1.01ms	select * from `tbl_cp_push_url`  where  `id` = 98
+0.95ms	select * from `tbl_trone`  where  `id` = 320
+0.91ms	select `id` from `tbl_mobile_white_list`   where  `mobile` = '02DB519469B14F63'  
+36.13ms	update `daily_log`.`tbl_mr_201512` set `syn_flag`=?syn_flag,`trone_order_id`=?trone_order_id,`cp_id`=?cp_id where `id`=?id
+35.27ms	insert into `daily_log`.`tbl_cp_mr_201512`(`imei`,`imsi`,`mobile`,`mcc`,`province_id`,`city_id`,`trone_order_id`,`ori_trone`,`ori_order`,`linkid`,`cp_param`,`service_code`,`price`,`ip`,`mr_table`,`mr_id`,`mr_date`,`trone_type`,`ivr_time`,`syn_status`) values(?imei,?imsi,?mobile,?mcc,?province_id,?city_id,?trone_order_id,?ori_trone,?ori_order,?linkid,?cp_param,?service_code,?price,?ip,?mr_table,?mr_id,?mr_date,?trone_type,?ivr_time,?syn_status)
+31.32ms	update `tbl_trone_order` set `amount`=?amount where `id`=?id
+30.66ms	update `tbl_cp_push_url` set `hold_CycCount`=?hold_CycCount,`amount`=?amount where `id`=?id
总计：139.9286ms
	->(20369ms(+0))OUT-ALL done
	->(20369ms(+0))Done
11:07:59,11:12:58 /sp/103/QuanMinHuDong.ashx 
	->({0}ms(0))Begin
	->(0ms(+0))IN-LoadAPI
	->(188ms(+188))OUT-LoadAPI
	->(188ms(+0))1 in locked
	->(188ms(+0))IN-StartPorcess
	->(363ms(+175))IN-ItemNotExisted
	->(363ms(+0))ValueCollected
	->(540ms(+177))TroneIdMatched
	->(578ms(+38))OUT-CoreProcessed
	->(989ms(+411))+3.29ms	select * from `tbl_trone_order`  where  `trone_id` = 320 and `disable` = 0
+1.50ms	select * from `tbl_cp_push_url`  where  `id` = 98
+1.51ms	select * from `tbl_trone`  where  `id` = 320
+1.35ms	select `id` from `tbl_mobile_white_list`   where  `mobile` = '02DB519469B14F63'  
+27.44ms	update `daily_log`.`tbl_mr_201512` set `syn_flag`=?syn_flag,`trone_order_id`=?trone_order_id,`cp_id`=?cp_id where `id`=?id
+50.54ms	insert into `daily_log`.`tbl_cp_mr_201512`(`imei`,`imsi`,`mobile`,`mcc`,`province_id`,`city_id`,`trone_order_id`,`ori_trone`,`ori_order`,`linkid`,`cp_param`,`service_code`,`price`,`ip`,`mr_table`,`mr_id`,`mr_date`,`trone_type`,`ivr_time`,`syn_status`) values(?imei,?imsi,?mobile,?mcc,?province_id,?city_id,?trone_order_id,?ori_trone,?ori_order,?linkid,?cp_param,?service_code,?price,?ip,?mr_table,?mr_id,?mr_date,?trone_type,?ivr_time,?syn_status)
+31.82ms	update `tbl_trone_order` set `amount`=?amount where `id`=?id
+31.26ms	update `tbl_cp_push_url` set `hold_CycCount`=?hold_CycCount,`amount`=?amount where `id`=?id
总计：148.7209ms
	->(989ms(+0))OUT-ALL done
	->(989ms(+0))Done
11:12:42,11:12:22 /sp/103/QuanMinHuDong.ashx 
	->({0}ms(0))Begin
	->(1ms(+1))IN-LoadAPI
	->(299ms(+298))OUT-LoadAPI
	->(300ms(+1))1 in locked
	->(301ms(+1))IN-StartPorcess
	->(424ms(+123))IN-ItemNotExisted
	->(427ms(+3))ValueCollected
	->(240892ms(+240465))TroneIdMatched
	->(247924ms(+7032))OUT-CoreProcessed
	->(259347ms(+11423))总计：0ms
	->(259348ms(+1))OUT-ALL done
	->(259349ms(+1))Done
11:17:43,11:12:39 /sp/103/QuanMinHuDong.ashx 
	->({0}ms(0))Begin
	->(0ms(+0))IN-LoadAPI
	->(204ms(+204))OUT-LoadAPI
	->(204ms(+0))1 in locked
	->(204ms(+0))IN-StartPorcess
	->(332ms(+128))IN-ItemNotExisted
	->(332ms(+0))ValueCollected
	->(3783ms(+3451))TroneIdMatched
	->(3837ms(+54))OUT-CoreProcessed
	->(3837ms(+0))总计：0ms
	->(3837ms(+0))OUT-ALL done
	->(3837ms(+0))Done
11:17:51,11:12:48 /sp/103/QuanMinHuDong.ashx 
	->({0}ms(0))Begin
	->(0ms(+0))IN-LoadAPI
	->(278ms(+278))OUT-LoadAPI
	->(278ms(+0))1 in locked
	->(278ms(+0))IN-StartPorcess
	->(624ms(+346))IN-ItemNotExisted
	->(624ms(+0))ValueCollected
	->(3003ms(+2379))TroneIdMatched
	->(3053ms(+50))OUT-CoreProcessed
	->(3053ms(+0))总计：0ms
	->(3053ms(+0))OUT-ALL done
	->(3053ms(+0))Done
12:39:52,12:12:52 /sp/bjxt_multi_mms_sync.ashx 
	->({0}ms(0))Begin
	->(1ms(+1))Done
12:39:52,12:12:52 /sp/bjxt_multi_mms_sync.ashx 
	->({0}ms(0))Begin
	->(469ms(+469))Done
12:40:06,12:12:06 /sp/bjxt_multi_mms_sync.ashx 
	->({0}ms(0))Begin
	->(137ms(+137))Done
12:40:06,12:12:06 /sp/bjxt_multi_mms_sync.ashx 
	->({0}ms(0))Begin
	->(138ms(+138))Done
12:42:32,12:12:28 /sp/bjxt_multi_mms_sync.ashx 
	->({0}ms(0))Begin
	->(3739ms(+3739))Done
12:42:32,12:12:28 /sp/bjxt_multi_mms_sync.ashx 
	->({0}ms(0))Begin
	->(3740ms(+3740))Done
12:43:53,12:12:34 /sp/bjxt_multi_mms_sync.ashx 
	->({0}ms(0))Begin
	->(79318ms(+79318))Done
12:43:53,12:12:34 /sp/bjxt_multi_mms_sync.ashx 
	->({0}ms(0))Begin
	->(79321ms(+79321))Done
