12:39:12,12:01:08 /sp/158/shyq_DX.ashx 
	->({0}ms(0))Begin
	->(1ms(+1))IN-LoadAPI
	->(1207ms(+1206))OUT-LoadAPI
	->(1208ms(+1))1 in locked
	->(1210ms(+2))IN-StartPorcess
	->(2336ms(+1126))IN-ItemNotExisted
	->(3627ms(+1291))给定关键字不在字典中。
	->(3643ms(+16))Done
12:39:36,12:01:31 /sp/158/shyq_DX.ashx 
	->({0}ms(0))Begin
	->(0ms(+0))IN-LoadAPI
	->(1460ms(+1460))OUT-LoadAPI
	->(1460ms(+0))1 in locked
	->(1460ms(+0))IN-StartPorcess
	->(3618ms(+2158))IN-ItemNotExisted
	->(5160ms(+1542))给定关键字不在字典中。
	->(5176ms(+16))Done
12:39:43,12:01:40 /sp/158/shyq_DX.ashx 
	->({0}ms(0))Begin
	->(0ms(+0))IN-LoadAPI
	->(1042ms(+1042))OUT-LoadAPI
	->(1043ms(+1))1 in locked
	->(1043ms(+0))IN-StartPorcess
	->(2169ms(+1126))IN-ItemNotExisted
	->(3403ms(+1234))给定关键字不在字典中。
	->(3414ms(+11))Done
12:41:11,12:01:15 /sp/158/shyq_DX.ashx 
	->({0}ms(0))Begin
	->(0ms(+0))IN-LoadAPI
	->(1033ms(+1033))OUT-LoadAPI
	->(1033ms(+0))1 in locked
	->(1033ms(+0))IN-StartPorcess
	->(2182ms(+1149))IN-ItemNotExisted
	->(56733ms(+54551))给定关键字不在字典中。
	->(56738ms(+5))Done
12:44:18,12:01:27 /sp/158/shyq_DX.ashx 
	->({0}ms(0))Begin
	->(1ms(+1))IN-LoadAPI
	->(1180ms(+1179))OUT-LoadAPI
	->(1181ms(+1))1 in locked
	->(1183ms(+2))IN-StartPorcess
	->(3590ms(+2407))IN-ItemNotExisted
	->(104819ms(+101229))给定关键字不在字典中。
	->(111830ms(+7011))Done
12:46:33,12:01:25 /sp/158/shyq_DX.ashx 
	->({0}ms(0))Begin
	->(0ms(+0))IN-LoadAPI
	->(992ms(+992))OUT-LoadAPI
	->(992ms(+0))1 in locked
	->(992ms(+0))IN-StartPorcess
	->(2186ms(+1194))IN-ItemNotExisted
	->(127349ms(+125163))给定关键字不在字典中。
	->(127360ms(+11))Done
12:50:10,12:01:05 /sp/158/shyq_DX.ashx 
	->({0}ms(0))Begin
	->(0ms(+0))IN-LoadAPI
	->(1047ms(+1047))OUT-LoadAPI
	->(1050ms(+3))1 in locked
	->(1057ms(+7))IN-StartPorcess
	->(2284ms(+1227))IN-ItemNotExisted
	->(3347ms(+1063))ValueCollected
	->(4387ms(+1040))TroneIdMatched
	->(4388ms(+1))Done
12:52:37,12:01:30 /sp/158/shyq_DX.ashx 
	->({0}ms(0))Begin
	->(0ms(+0))IN-LoadAPI
	->(1200ms(+1200))OUT-LoadAPI
	->(1200ms(+0))1 in locked
	->(1200ms(+0))IN-StartPorcess
	->(2229ms(+1029))IN-ItemNotExisted
	->(3228ms(+999))ValueCollected
	->(4608ms(+1380))TroneIdMatched
	->(4756ms(+148))OUT-CoreProcessed
	->(6847ms(+2091))+38.28ms	select * from `tbl_trone_order`  where  `trone_id` = 722 and `disable` = 0
+44.18ms	insert into `tbl_trone_order`(`cp_id`,`create_date`,`disable`,`is_dynamic`,`is_unknow`,`order_num`,`order_trone_name`,`push_url_id`,`trone_id`) values(?cp_id,?create_date,?disable,?is_dynamic,?is_unknow,?order_num,?order_trone_name,?push_url_id,?trone_id)
+35.47ms	select * from `tbl_cp_push_url`  where  `id` = 47
+35.64ms	select * from `tbl_trone`  where  `id` = 722
+40.24ms	update `daily_log`.`tbl_mr_201601` set `syn_flag`=?syn_flag,`trone_order_id`=?trone_order_id,`cp_id`=?cp_id where `id`=?id
+43.69ms	update `tbl_trone_order` set `amount`=?amount where `id`=?id
+42.63ms	update `tbl_cp_push_url` set `lastDate`=?lastDate,`amount`=?amount where `id`=?id
总计：280.1401ms
	->(6847ms(+0))OUT-ALL done
	->(6847ms(+0))Done
