15:04:09,15:01:07 /sp/fc_pc_xml.ashx 
	->({0}ms(0))Begin
	->(1ms(+1))IN-LoadAPI
	->(1313ms(+1312))Page Not Found
	->(1327ms(+14))Done
15:04:09,15:01:06 /sp/fc_pc_xml.ashx 
	->({0}ms(0))Begin
	->(2761ms(+2761))Page Not Found
	->(2774ms(+13))Done
15:05:17,15:01:46 /sp/fc_pc_xml.ashx 
	->({0}ms(0))Begin
	->(7708ms(+7708))IN-LoadAPI
	->(8958ms(+1250))OUT-LoadAPI
	->(31639ms(+22681))未将对象引用设置到对象的实例。
	->(31667ms(+28))Done
15:05:17,15:01:46 /sp/fc_pc_xml.ashx 
	->({0}ms(0))Begin
	->(31678ms(+31678))未将对象引用设置到对象的实例。
	->(31690ms(+12))Done
15:06:02,15:01:24 /sp/fc_pc_xml.ashx 
	->({0}ms(0))Begin
	->(1808ms(+1808))IN-LoadAPI
	->(3201ms(+1393))OUT-LoadAPI
	->(38498ms(+35297))未将对象引用设置到对象的实例。
	->(38510ms(+12))Done
15:06:02,15:01:24 /sp/fc_pc_xml.ashx 
	->({0}ms(0))Begin
	->(38510ms(+38510))未将对象引用设置到对象的实例。
	->(38518ms(+8))Done
15:07:31,15:01:06 /sp/fc_pc_xml.ashx 
	->({0}ms(0))Begin
	->(2289ms(+2289))IN-LoadAPI
	->(3304ms(+1015))OUT-LoadAPI
	->(24414ms(+21110))0 in locked
	->(24418ms(+4))IN-StartPorcess
	->(24419ms(+1))Done
15:07:31,15:01:06 /sp/fc_pc_xml.ashx 
	->({0}ms(0))Begin
	->(24757ms(+24757))Done
