11:45:22,11:02:22 /sp/wzsj_fkjtn.ashx 
	->({0}ms(0))Begin
	->(1ms(+1))Done
11:45:22,11:02:20 /sp/wzsj_fkjtn.ashx 
	->({0}ms(0))Begin
	->(1507ms(+1507))Done
11:45:32,11:02:32 /sp/ljrn_tbb.ashx 
	->({0}ms(0))Begin
	->(0ms(+0))Done
11:45:32,11:02:32 /sp/ljrn_tbb.ashx 
	->({0}ms(0))Begin
	->(0ms(+0))Done
11:45:35,11:02:35 /sp/ljrn_tbb.ashx 
	->({0}ms(0))Begin
	->(0ms(+0))Done
11:45:35,11:02:35 /sp/ljrn_tbb.ashx 
	->({0}ms(0))Begin
	->(0ms(+0))Done
11:45:35,11:02:35 /sp/ljrn_tbb.ashx 
	->({0}ms(0))Begin
	->(0ms(+0))Done
11:45:35,11:02:35 /sp/ljrn_tbb.ashx 
	->({0}ms(0))Begin
	->(0ms(+0))Done
11:45:35,11:02:35 /sp/ljrn_tbb.ashx 
	->({0}ms(0))Begin
	->(0ms(+0))Done
11:45:35,11:02:35 /sp/ljrn_tbb.ashx 
	->({0}ms(0))Begin
	->(0ms(+0))Done
11:45:36,11:02:36 /sp/ljrn_tbb.ashx 
	->({0}ms(0))Begin
	->(0ms(+0))Done
11:45:36,11:02:36 /sp/ljrn_tbb.ashx 
	->({0}ms(0))Begin
	->(0ms(+0))Done
11:45:41,11:02:41 /sp/yijian_rdo.ashx 
	->({0}ms(0))Begin
	->(1ms(+1))Done
11:45:41,11:02:41 /sp/yijian_rdo.ashx 
	->({0}ms(0))Begin
	->(1ms(+1))Done
11:46:23,11:02:47 /sp/sanjiewan_digi.ashx 
	->({0}ms(0))Begin
	->(0ms(+0))IN-LoadAPI
	->(36511ms(+36511))OUT-LoadAPI
	->(36513ms(+2))0 in locked
	->(36515ms(+2))IN-StartPorcess
	->(36515ms(+0))Done
11:46:23,11:02:47 /sp/sanjiewan_digi.ashx 
	->({0}ms(0))Begin
	->(36516ms(+36516))Done
11:48:33,11:02:01 /sp/sanjiewan_digi.ashx 
	->({0}ms(0))Begin
	->(0ms(+0))IN-LoadAPI
	->(32405ms(+32405))OUT-LoadAPI
	->(32408ms(+3))0 in locked
	->(32412ms(+4))IN-StartPorcess
	->(32414ms(+2))Done
11:48:33,11:02:59 /sp/sanjiewan_digi.ashx 
	->({0}ms(0))Begin
	->(33820ms(+33820))Done
11:50:55,11:02:36 /sp/sanjiewan_digi.ashx 
	->({0}ms(0))Begin
	->(0ms(+0))IN-LoadAPI
	->(20726ms(+20726))未将对象引用设置到对象的实例。
	->(138393ms(+117667))Done
11:50:55,11:02:36 /sp/sanjiewan_digi.ashx 
	->({0}ms(0))Begin
	->(138393ms(+138393))未将对象引用设置到对象的实例。
	->(138419ms(+26))Done
11:51:35,11:02:00 /sp/sanjiewan_digi.ashx 
	->({0}ms(0))Begin
	->(0ms(+0))IN-LoadAPI
	->(34995ms(+34995))未将对象引用设置到对象的实例。
	->(35018ms(+23))Done
11:51:35,11:02:00 /sp/sanjiewan_digi.ashx 
	->({0}ms(0))Begin
	->(35019ms(+35019))未将对象引用设置到对象的实例。
	->(35044ms(+25))Done
11:54:31,11:02:37 /sp/sanjiewan_digi.ashx 
	->({0}ms(0))Begin
	->(0ms(+0))IN-LoadAPI
	->(174300ms(+174300))未将对象引用设置到对象的实例。
	->(174324ms(+24))Done
11:54:31,11:02:37 /sp/sanjiewan_digi.ashx 
	->({0}ms(0))Begin
	->(174324ms(+174324))未将对象引用设置到对象的实例。
	->(174351ms(+27))Done
12:00:31,11:02:34 /sp/sanjiewan_digi.ashx 
	->({0}ms(0))Begin
	->(0ms(+0))IN-LoadAPI
	->(356963ms(+356963))未将对象引用设置到对象的实例。
	->(356987ms(+24))Done
12:00:31,11:02:34 /sp/sanjiewan_digi.ashx 
	->({0}ms(0))Begin
	->(356987ms(+356987))未将对象引用设置到对象的实例。
	->(357012ms(+25))Done
12:02:26,12:02:00 /sp/sanjiewan_digi.ashx 
	->({0}ms(0))Begin
	->(0ms(+0))IN-LoadAPI
	->(26068ms(+26068))OUT-LoadAPI
	->(26069ms(+1))0 in locked
	->(26086ms(+17))IN-StartPorcess
	->(26136ms(+50))Done
12:02:26,12:02:59 /sp/sanjiewan_digi.ashx 
	->({0}ms(0))Begin
	->(27534ms(+27534))Done
12:02:52,12:02:30 /sp/sanjiewan_digi.ashx 
	->({0}ms(0))Begin
	->(0ms(+0))IN-LoadAPI
	->(22463ms(+22463))OUT-LoadAPI
	->(22463ms(+0))0 in locked
	->(22463ms(+0))IN-StartPorcess
	->(22463ms(+0))Done
12:02:52,12:02:30 /sp/sanjiewan_digi.ashx 
	->({0}ms(0))Begin
	->(22464ms(+22464))Done
12:02:59,12:02:55 /sp/sanjiewan_digi.ashx 
	->({0}ms(0))Begin
	->(0ms(+0))IN-LoadAPI
	->(4063ms(+4063))OUT-LoadAPI
	->(4063ms(+0))0 in locked
	->(4063ms(+0))IN-StartPorcess
	->(4063ms(+0))Done
12:02:59,12:02:55 /sp/sanjiewan_digi.ashx 
	->({0}ms(0))Begin
	->(4063ms(+4063))Done
12:03:10,12:02:05 /sp/sanjiewan_digi.ashx 
	->({0}ms(0))Begin
	->(0ms(+0))IN-LoadAPI
	->(4647ms(+4647))OUT-LoadAPI
	->(4647ms(+0))0 in locked
	->(4647ms(+0))IN-StartPorcess
	->(4647ms(+0))Done
12:03:10,12:02:05 /sp/sanjiewan_digi.ashx 
	->({0}ms(0))Begin
	->(4648ms(+4648))Done
12:38:25,12:02:02 /sp/sanjiewan_digi.ashx 
	->({0}ms(0))Begin
	->(0ms(+0))IN-LoadAPI
	->(23044ms(+23044))OUT-LoadAPI
	->(23044ms(+0))0 in locked
	->(23044ms(+0))IN-StartPorcess
	->(23044ms(+0))Done
12:38:25,12:02:02 /sp/sanjiewan_digi.ashx 
	->({0}ms(0))Begin
	->(23044ms(+23044))Done
12:39:06,12:02:58 /sp/sanjiewan_digi.ashx 
	->({0}ms(0))Begin
	->(0ms(+0))IN-LoadAPI
	->(8454ms(+8454))OUT-LoadAPI
	->(8454ms(+0))0 in locked
	->(8454ms(+0))IN-StartPorcess
	->(8454ms(+0))Done
12:39:06,12:02:58 /sp/sanjiewan_digi.ashx 
	->({0}ms(0))Begin
	->(8455ms(+8455))Done
12:44:20,12:02:49 /sp/sanjiewan_digi.ashx 
	->({0}ms(0))Begin
	->(0ms(+0))IN-LoadAPI
	->(49492ms(+49492))OUT-LoadAPI
	->(53078ms(+3586))0 in locked
	->(136169ms(+83091))IN-StartPorcess
	->(142115ms(+5946))Done
12:44:20,12:02:49 /sp/sanjiewan_digi.ashx 
	->({0}ms(0))Begin
	->(151439ms(+151439))Done
13:20:07,13:02:07 /sp/sanjiewan_digi.ashx 
	->({0}ms(0))Begin
	->(0ms(+0))IN-LoadAPI
	->(167ms(+167))OUT-LoadAPI
	->(167ms(+0))0 in locked
	->(167ms(+0))IN-StartPorcess
	->(167ms(+0))Done
13:20:07,13:02:07 /sp/sanjiewan_digi.ashx 
	->({0}ms(0))Begin
	->(167ms(+167))Done
13:20:09,13:02:09 /sp/sanjiewan_digi.ashx 
	->({0}ms(0))Begin
	->(0ms(+0))IN-LoadAPI
	->(0ms(+0))OUT-LoadAPI
	->(0ms(+0))0 in locked
	->(0ms(+0))IN-StartPorcess
	->(0ms(+0))Done
13:20:09,13:02:09 /sp/sanjiewan_digi.ashx 
	->({0}ms(0))Begin
	->(0ms(+0))Done
13:20:10,13:02:10 /sp/sanjiewan_digi.ashx 
	->({0}ms(0))Begin
	->(0ms(+0))IN-LoadAPI
	->(0ms(+0))OUT-LoadAPI
	->(0ms(+0))0 in locked
	->(0ms(+0))IN-StartPorcess
	->(0ms(+0))Done
13:20:10,13:02:10 /sp/sanjiewan_digi.ashx 
	->({0}ms(0))Begin
	->(0ms(+0))Done
13:20:11,13:02:11 /sp/sanjiewan_digi.ashx 
	->({0}ms(0))Begin
	->(0ms(+0))IN-LoadAPI
	->(0ms(+0))OUT-LoadAPI
	->(0ms(+0))0 in locked
	->(0ms(+0))IN-StartPorcess
	->(0ms(+0))Done
13:20:11,13:02:11 /sp/sanjiewan_digi.ashx 
	->({0}ms(0))Begin
	->(0ms(+0))Done
13:20:11,13:02:11 /sp/sanjiewan_digi.ashx 
	->({0}ms(0))Begin
	->(0ms(+0))IN-LoadAPI
	->(0ms(+0))OUT-LoadAPI
	->(0ms(+0))0 in locked
	->(0ms(+0))IN-StartPorcess
	->(0ms(+0))Done
13:20:11,13:02:11 /sp/sanjiewan_digi.ashx 
	->({0}ms(0))Begin
	->(0ms(+0))Done
13:20:11,13:02:11 /sp/sanjiewan_digi.ashx 
	->({0}ms(0))Begin
	->(0ms(+0))IN-LoadAPI
	->(0ms(+0))OUT-LoadAPI
	->(0ms(+0))0 in locked
	->(0ms(+0))IN-StartPorcess
	->(0ms(+0))Done
13:20:11,13:02:11 /sp/sanjiewan_digi.ashx 
	->({0}ms(0))Begin
	->(0ms(+0))Done
13:20:11,13:02:11 /sp/sanjiewan_digi.ashx 
	->({0}ms(0))Begin
	->(0ms(+0))IN-LoadAPI
	->(0ms(+0))OUT-LoadAPI
	->(0ms(+0))0 in locked
	->(0ms(+0))IN-StartPorcess
	->(0ms(+0))Done
13:20:11,13:02:11 /sp/sanjiewan_digi.ashx 
	->({0}ms(0))Begin
	->(0ms(+0))Done
13:20:11,13:02:11 /sp/sanjiewan_digi.ashx 
	->({0}ms(0))Begin
	->(0ms(+0))IN-LoadAPI
	->(0ms(+0))OUT-LoadAPI
	->(0ms(+0))0 in locked
	->(0ms(+0))IN-StartPorcess
	->(0ms(+0))Done
13:20:11,13:02:11 /sp/sanjiewan_digi.ashx 
	->({0}ms(0))Begin
	->(0ms(+0))Done
13:20:11,13:02:11 /sp/sanjiewan_digi.ashx 
	->({0}ms(0))Begin
	->(0ms(+0))IN-LoadAPI
	->(0ms(+0))OUT-LoadAPI
	->(0ms(+0))0 in locked
	->(0ms(+0))IN-StartPorcess
	->(0ms(+0))Done
13:20:11,13:02:11 /sp/sanjiewan_digi.ashx 
	->({0}ms(0))Begin
	->(0ms(+0))Done
13:20:11,13:02:11 /sp/sanjiewan_digi.ashx 
	->({0}ms(0))Begin
	->(0ms(+0))IN-LoadAPI
	->(0ms(+0))OUT-LoadAPI
	->(0ms(+0))0 in locked
	->(0ms(+0))IN-StartPorcess
	->(0ms(+0))Done
13:20:11,13:02:11 /sp/sanjiewan_digi.ashx 
	->({0}ms(0))Begin
	->(0ms(+0))Done
13:20:11,13:02:11 /sp/sanjiewan_digi.ashx 
	->({0}ms(0))Begin
	->(0ms(+0))IN-LoadAPI
	->(0ms(+0))OUT-LoadAPI
	->(0ms(+0))0 in locked
	->(0ms(+0))IN-StartPorcess
	->(0ms(+0))Done
13:20:11,13:02:11 /sp/sanjiewan_digi.ashx 
	->({0}ms(0))Begin
	->(0ms(+0))Done
13:20:11,13:02:11 /sp/sanjiewan_digi.ashx 
	->({0}ms(0))Begin
	->(0ms(+0))IN-LoadAPI
	->(0ms(+0))OUT-LoadAPI
	->(0ms(+0))0 in locked
	->(0ms(+0))IN-StartPorcess
	->(0ms(+0))Done
13:20:11,13:02:11 /sp/sanjiewan_digi.ashx 
	->({0}ms(0))Begin
	->(0ms(+0))Done
13:20:11,13:02:11 /sp/sanjiewan_digi.ashx 
	->({0}ms(0))Begin
	->(0ms(+0))IN-LoadAPI
	->(0ms(+0))OUT-LoadAPI
	->(0ms(+0))0 in locked
	->(0ms(+0))IN-StartPorcess
	->(0ms(+0))Done
13:20:11,13:02:11 /sp/sanjiewan_digi.ashx 
	->({0}ms(0))Begin
	->(0ms(+0))Done
13:20:11,13:02:11 /sp/sanjiewan_digi.ashx 
	->({0}ms(0))Begin
	->(0ms(+0))IN-LoadAPI
	->(0ms(+0))OUT-LoadAPI
	->(0ms(+0))0 in locked
	->(0ms(+0))IN-StartPorcess
	->(0ms(+0))Done
13:20:11,13:02:11 /sp/sanjiewan_digi.ashx 
	->({0}ms(0))Begin
	->(0ms(+0))Done
13:20:11,13:02:11 /sp/sanjiewan_digi.ashx 
	->({0}ms(0))Begin
	->(0ms(+0))IN-LoadAPI
	->(0ms(+0))OUT-LoadAPI
	->(0ms(+0))0 in locked
	->(0ms(+0))IN-StartPorcess
	->(0ms(+0))Done
13:20:11,13:02:11 /sp/sanjiewan_digi.ashx 
	->({0}ms(0))Begin
	->(0ms(+0))Done
13:20:11,13:02:11 /sp/sanjiewan_digi.ashx 
	->({0}ms(0))Begin
	->(0ms(+0))IN-LoadAPI
	->(0ms(+0))OUT-LoadAPI
	->(0ms(+0))0 in locked
	->(0ms(+0))IN-StartPorcess
	->(0ms(+0))Done
13:20:11,13:02:11 /sp/sanjiewan_digi.ashx 
	->({0}ms(0))Begin
	->(0ms(+0))Done
13:20:11,13:02:11 /sp/sanjiewan_digi.ashx 
	->({0}ms(0))Begin
	->(0ms(+0))IN-LoadAPI
	->(0ms(+0))OUT-LoadAPI
	->(0ms(+0))0 in locked
	->(0ms(+0))IN-StartPorcess
	->(0ms(+0))Done
13:20:11,13:02:11 /sp/sanjiewan_digi.ashx 
	->({0}ms(0))Begin
	->(0ms(+0))Done
13:20:11,13:02:11 /sp/sanjiewan_digi.ashx 
	->({0}ms(0))Begin
	->(0ms(+0))IN-LoadAPI
	->(0ms(+0))OUT-LoadAPI
	->(0ms(+0))0 in locked
	->(0ms(+0))IN-StartPorcess
	->(0ms(+0))Done
13:20:11,13:02:11 /sp/sanjiewan_digi.ashx 
	->({0}ms(0))Begin
	->(0ms(+0))Done
13:20:11,13:02:11 /sp/sanjiewan_digi.ashx 
	->({0}ms(0))Begin
	->(0ms(+0))IN-LoadAPI
	->(0ms(+0))OUT-LoadAPI
	->(0ms(+0))0 in locked
	->(0ms(+0))IN-StartPorcess
	->(0ms(+0))Done
13:20:11,13:02:11 /sp/sanjiewan_digi.ashx 
	->({0}ms(0))Begin
	->(0ms(+0))Done
13:20:11,13:02:11 /sp/sanjiewan_digi.ashx 
	->({0}ms(0))Begin
	->(0ms(+0))IN-LoadAPI
	->(0ms(+0))OUT-LoadAPI
	->(0ms(+0))0 in locked
	->(0ms(+0))IN-StartPorcess
	->(0ms(+0))Done
13:20:11,13:02:11 /sp/sanjiewan_digi.ashx 
	->({0}ms(0))Begin
	->(0ms(+0))Done
13:20:11,13:02:11 /sp/sanjiewan_digi.ashx 
	->({0}ms(0))Begin
	->(0ms(+0))IN-LoadAPI
	->(0ms(+0))OUT-LoadAPI
	->(0ms(+0))0 in locked
	->(0ms(+0))IN-StartPorcess
	->(0ms(+0))Done
13:20:11,13:02:11 /sp/sanjiewan_digi.ashx 
	->({0}ms(0))Begin
	->(0ms(+0))Done
13:20:11,13:02:11 /sp/sanjiewan_digi.ashx 
	->({0}ms(0))Begin
	->(0ms(+0))IN-LoadAPI
	->(0ms(+0))OUT-LoadAPI
	->(0ms(+0))0 in locked
	->(0ms(+0))IN-StartPorcess
	->(0ms(+0))Done
13:20:11,13:02:11 /sp/sanjiewan_digi.ashx 
	->({0}ms(0))Begin
	->(0ms(+0))Done
13:20:11,13:02:11 /sp/sanjiewan_digi.ashx 
	->({0}ms(0))Begin
	->(0ms(+0))IN-LoadAPI
	->(0ms(+0))OUT-LoadAPI
	->(0ms(+0))0 in locked
	->(0ms(+0))IN-StartPorcess
	->(0ms(+0))Done
13:20:11,13:02:11 /sp/sanjiewan_digi.ashx 
	->({0}ms(0))Begin
	->(0ms(+0))Done
13:20:11,13:02:11 /sp/sanjiewan_digi.ashx 
	->({0}ms(0))Begin
	->(0ms(+0))IN-LoadAPI
	->(0ms(+0))OUT-LoadAPI
	->(0ms(+0))0 in locked
	->(0ms(+0))IN-StartPorcess
	->(0ms(+0))Done
13:20:11,13:02:11 /sp/sanjiewan_digi.ashx 
	->({0}ms(0))Begin
	->(0ms(+0))Done
13:20:11,13:02:11 /sp/sanjiewan_digi.ashx 
	->({0}ms(0))Begin
	->(0ms(+0))IN-LoadAPI
	->(0ms(+0))OUT-LoadAPI
	->(0ms(+0))0 in locked
	->(0ms(+0))IN-StartPorcess
	->(0ms(+0))Done
13:20:11,13:02:11 /sp/sanjiewan_digi.ashx 
	->({0}ms(0))Begin
	->(0ms(+0))Done
13:20:11,13:02:11 /sp/sanjiewan_digi.ashx 
	->({0}ms(0))Begin
	->(0ms(+0))IN-LoadAPI
	->(0ms(+0))OUT-LoadAPI
	->(0ms(+0))0 in locked
	->(0ms(+0))IN-StartPorcess
	->(0ms(+0))Done
13:20:11,13:02:11 /sp/sanjiewan_digi.ashx 
	->({0}ms(0))Begin
	->(0ms(+0))Done
13:20:11,13:02:11 /sp/sanjiewan_digi.ashx 
	->({0}ms(0))Begin
	->(0ms(+0))IN-LoadAPI
	->(0ms(+0))OUT-LoadAPI
	->(0ms(+0))0 in locked
	->(0ms(+0))IN-StartPorcess
	->(0ms(+0))Done
13:20:11,13:02:11 /sp/sanjiewan_digi.ashx 
	->({0}ms(0))Begin
	->(0ms(+0))Done
13:20:11,13:02:11 /sp/sanjiewan_digi.ashx 
	->({0}ms(0))Begin
	->(0ms(+0))IN-LoadAPI
	->(0ms(+0))OUT-LoadAPI
	->(0ms(+0))0 in locked
	->(0ms(+0))IN-StartPorcess
	->(0ms(+0))Done
13:20:11,13:02:11 /sp/sanjiewan_digi.ashx 
	->({0}ms(0))Begin
	->(0ms(+0))Done
13:20:11,13:02:11 /sp/sanjiewan_digi.ashx 
	->({0}ms(0))Begin
	->(0ms(+0))IN-LoadAPI
	->(0ms(+0))OUT-LoadAPI
	->(0ms(+0))0 in locked
	->(0ms(+0))IN-StartPorcess
	->(0ms(+0))Done
13:20:11,13:02:11 /sp/sanjiewan_digi.ashx 
	->({0}ms(0))Begin
	->(0ms(+0))Done
13:20:11,13:02:11 /sp/sanjiewan_digi.ashx 
	->({0}ms(0))Begin
	->(0ms(+0))IN-LoadAPI
	->(0ms(+0))OUT-LoadAPI
	->(0ms(+0))0 in locked
	->(0ms(+0))IN-StartPorcess
	->(0ms(+0))Done
13:20:11,13:02:11 /sp/sanjiewan_digi.ashx 
	->({0}ms(0))Begin
	->(0ms(+0))Done
13:20:11,13:02:11 /sp/sanjiewan_digi.ashx 
	->({0}ms(0))Begin
	->(0ms(+0))IN-LoadAPI
	->(0ms(+0))OUT-LoadAPI
	->(0ms(+0))0 in locked
	->(0ms(+0))IN-StartPorcess
	->(0ms(+0))Done
13:20:11,13:02:11 /sp/sanjiewan_digi.ashx 
	->({0}ms(0))Begin
	->(0ms(+0))Done
13:20:12,13:02:12 /sp/sanjiewan_digi.ashx 
	->({0}ms(0))Begin
	->(0ms(+0))IN-LoadAPI
	->(0ms(+0))OUT-LoadAPI
	->(0ms(+0))0 in locked
	->(0ms(+0))IN-StartPorcess
	->(0ms(+0))Done
13:20:12,13:02:12 /sp/sanjiewan_digi.ashx 
	->({0}ms(0))Begin
	->(0ms(+0))Done
13:20:12,13:02:12 /sp/sanjiewan_digi.ashx 
	->({0}ms(0))Begin
	->(0ms(+0))IN-LoadAPI
	->(0ms(+0))OUT-LoadAPI
	->(0ms(+0))0 in locked
	->(0ms(+0))IN-StartPorcess
	->(0ms(+0))Done
13:20:12,13:02:12 /sp/sanjiewan_digi.ashx 
	->({0}ms(0))Begin
	->(0ms(+0))Done
13:20:12,13:02:12 /sp/sanjiewan_digi.ashx 
	->({0}ms(0))Begin
	->(0ms(+0))IN-LoadAPI
	->(0ms(+0))OUT-LoadAPI
	->(0ms(+0))0 in locked
	->(0ms(+0))IN-StartPorcess
	->(0ms(+0))Done
13:20:12,13:02:12 /sp/sanjiewan_digi.ashx 
	->({0}ms(0))Begin
	->(0ms(+0))Done
13:20:12,13:02:12 /sp/sanjiewan_digi.ashx 
	->({0}ms(0))Begin
	->(0ms(+0))IN-LoadAPI
	->(0ms(+0))OUT-LoadAPI
	->(0ms(+0))0 in locked
	->(0ms(+0))IN-StartPorcess
	->(0ms(+0))Done
13:20:12,13:02:12 /sp/sanjiewan_digi.ashx 
	->({0}ms(0))Begin
	->(0ms(+0))Done
13:20:12,13:02:12 /sp/sanjiewan_digi.ashx 
	->({0}ms(0))Begin
	->(0ms(+0))IN-LoadAPI
	->(0ms(+0))OUT-LoadAPI
	->(0ms(+0))0 in locked
	->(0ms(+0))IN-StartPorcess
	->(0ms(+0))Done
13:20:12,13:02:12 /sp/sanjiewan_digi.ashx 
	->({0}ms(0))Begin
	->(0ms(+0))Done
13:20:12,13:02:12 /sp/sanjiewan_digi.ashx 
	->({0}ms(0))Begin
	->(0ms(+0))IN-LoadAPI
	->(0ms(+0))OUT-LoadAPI
	->(0ms(+0))0 in locked
	->(0ms(+0))IN-StartPorcess
	->(0ms(+0))Done
13:20:12,13:02:12 /sp/sanjiewan_digi.ashx 
	->({0}ms(0))Begin
	->(0ms(+0))Done
13:20:12,13:02:12 /sp/sanjiewan_digi.ashx 
	->({0}ms(0))Begin
	->(0ms(+0))IN-LoadAPI
	->(0ms(+0))OUT-LoadAPI
	->(0ms(+0))0 in locked
	->(0ms(+0))IN-StartPorcess
	->(0ms(+0))Done
13:20:12,13:02:12 /sp/sanjiewan_digi.ashx 
	->({0}ms(0))Begin
	->(0ms(+0))Done
13:20:12,13:02:12 /sp/sanjiewan_digi.ashx 
	->({0}ms(0))Begin
	->(0ms(+0))IN-LoadAPI
	->(0ms(+0))OUT-LoadAPI
	->(0ms(+0))0 in locked
	->(0ms(+0))IN-StartPorcess
	->(0ms(+0))Done
13:20:12,13:02:12 /sp/sanjiewan_digi.ashx 
	->({0}ms(0))Begin
	->(0ms(+0))Done
13:20:12,13:02:12 /sp/sanjiewan_digi.ashx 
	->({0}ms(0))Begin
	->(0ms(+0))IN-LoadAPI
	->(0ms(+0))OUT-LoadAPI
	->(0ms(+0))0 in locked
	->(0ms(+0))IN-StartPorcess
	->(0ms(+0))Done
13:20:12,13:02:12 /sp/sanjiewan_digi.ashx 
	->({0}ms(0))Begin
	->(0ms(+0))Done
13:20:12,13:02:12 /sp/sanjiewan_digi.ashx 
	->({0}ms(0))Begin
	->(0ms(+0))IN-LoadAPI
	->(0ms(+0))OUT-LoadAPI
	->(0ms(+0))0 in locked
	->(0ms(+0))IN-StartPorcess
	->(0ms(+0))Done
13:20:12,13:02:12 /sp/sanjiewan_digi.ashx 
	->({0}ms(0))Begin
	->(0ms(+0))Done
13:20:12,13:02:12 /sp/sanjiewan_digi.ashx 
	->({0}ms(0))Begin
	->(0ms(+0))IN-LoadAPI
	->(0ms(+0))OUT-LoadAPI
	->(0ms(+0))0 in locked
	->(0ms(+0))IN-StartPorcess
	->(0ms(+0))Done
13:20:12,13:02:12 /sp/sanjiewan_digi.ashx 
	->({0}ms(0))Begin
	->(0ms(+0))Done
13:20:12,13:02:12 /sp/sanjiewan_digi.ashx 
	->({0}ms(0))Begin
	->(0ms(+0))IN-LoadAPI
	->(0ms(+0))OUT-LoadAPI
	->(0ms(+0))0 in locked
	->(0ms(+0))IN-StartPorcess
	->(0ms(+0))Done
13:20:12,13:02:12 /sp/sanjiewan_digi.ashx 
	->({0}ms(0))Begin
	->(0ms(+0))Done
13:20:12,13:02:12 /sp/sanjiewan_digi.ashx 
	->({0}ms(0))Begin
	->(0ms(+0))IN-LoadAPI
	->(0ms(+0))OUT-LoadAPI
	->(0ms(+0))0 in locked
	->(0ms(+0))IN-StartPorcess
	->(0ms(+0))Done
13:20:12,13:02:12 /sp/sanjiewan_digi.ashx 
	->({0}ms(0))Begin
	->(0ms(+0))Done
13:44:04,13:02:04 /sp/bjjiana_liangshan_pc.ashx 
	->({0}ms(0))Begin
	->(0ms(+0))IN-LoadAPI
	->(282ms(+282))OUT-LoadAPI
	->(283ms(+1))1 in locked
	->(285ms(+2))IN-StartPorcess
	->(432ms(+147))Done
13:44:41,13:02:09 /sp/bjjiana_liangshan_pc.ashx 
	->({0}ms(0))Begin
	->(0ms(+0))IN-LoadAPI
	->(0ms(+0))OUT-LoadAPI
	->(0ms(+0))1 in locked
	->(0ms(+0))IN-StartPorcess
	->(225ms(+225))IN-ItemNotExisted
	->(455ms(+230))ValueCollected
	->(31840ms(+31385))TroneIdMatched
	->(31907ms(+67))OUT-CoreProcessed
	->(31908ms(+1))总计：0ms
	->(31908ms(+0))OUT-ALL done
	->(31908ms(+0))Done
13:45:30,13:02:30 /sp/bjjiana_liangshan_pc.ashx 
	->({0}ms(0))Begin
	->(0ms(+0))IN-LoadAPI
	->(106ms(+106))OUT-LoadAPI
	->(107ms(+1))1 in locked
	->(109ms(+2))IN-StartPorcess
	->(192ms(+83))IN-ItemNotExisted
	->(290ms(+98))ValueCollected
	->(349ms(+59))TroneIdMatched
	->(388ms(+39))OUT-CoreProcessed
	->(389ms(+1))总计：0ms
	->(389ms(+0))OUT-ALL done
	->(389ms(+0))Done
13:45:48,13:02:48 /sp/bjjiana_liangshan_pc.ashx 
	->({0}ms(0))Begin
	->(0ms(+0))IN-LoadAPI
	->(0ms(+0))OUT-LoadAPI
	->(0ms(+0))1 in locked
	->(0ms(+0))IN-StartPorcess
	->(52ms(+52))Done
13:45:53,13:02:53 /sp/bjjiana_liangshan_pc.ashx 
	->({0}ms(0))Begin
	->(0ms(+0))IN-LoadAPI
	->(0ms(+0))OUT-LoadAPI
	->(0ms(+0))1 in locked
	->(0ms(+0))IN-StartPorcess
	->(92ms(+92))IN-ItemNotExisted
	->(92ms(+0))ValueCollected
	->(92ms(+0))TroneIdMatched
	->(139ms(+47))OUT-CoreProcessed
	->(139ms(+0))总计：0ms
	->(139ms(+0))OUT-ALL done
	->(139ms(+0))Done
