17:41:57,17:01:55 /sp/95/smssk.ashx 
	->({0}ms(0))Begin
	->(2ms(+2))IN-LoadAPI
	->(1269ms(+1267))OUT-LoadAPI
	->(1271ms(+2))1 in locked
	->(1274ms(+3))IN-StartPorcess
	->(2489ms(+1215))Done
17:43:00,17:01:58 /sp/95/smssk.ashx 
	->({0}ms(0))Begin
	->(0ms(+0))IN-LoadAPI
	->(609ms(+609))OUT-LoadAPI
	->(609ms(+0))1 in locked
	->(609ms(+0))IN-StartPorcess
	->(2274ms(+1665))IN-ItemNotExisted
	->(2281ms(+7))ValueCollected
	->(2814ms(+533))TroneIdMatched
	->(2953ms(+139))OUT-CoreProcessed
	->(2956ms(+3))总计：0ms
	->(2956ms(+0))OUT-ALL done
	->(2956ms(+0))Done
17:43:14,17:01:12 /sp/95/smssk.ashx 
	->({0}ms(0))Begin
	->(0ms(+0))IN-LoadAPI
	->(929ms(+929))OUT-LoadAPI
	->(929ms(+0))1 in locked
	->(929ms(+0))IN-StartPorcess
	->(2028ms(+1099))Done
17:43:49,17:01:47 /sp/95/smssk.ashx 
	->({0}ms(0))Begin
	->(0ms(+0))IN-LoadAPI
	->(598ms(+598))OUT-LoadAPI
	->(598ms(+0))1 in locked
	->(598ms(+0))IN-StartPorcess
	->(2304ms(+1706))IN-ItemNotExisted
	->(2305ms(+1))ValueCollected
	->(2835ms(+530))TroneIdMatched
	->(2932ms(+97))OUT-CoreProcessed
	->(2932ms(+0))总计：0ms
	->(2932ms(+0))OUT-ALL done
	->(2932ms(+0))Done
